<?xml version="1.0" encoding="UTF-8"?>
<testng-results ignored="0" total="1" passed="1" failed="0" skipped="0">
  <reporter-output>
  </reporter-output>
  <suite started-at="2026-01-03T13:35:32 IST" name="Default suite" finished-at="2026-01-03T13:35:49 IST" duration-ms="17228">
    <groups>
    </groups>
    <test started-at="2026-01-03T13:35:32 IST" name="Default test" finished-at="2026-01-03T13:35:49 IST" duration-ms="17228">
      <class name="Test.LoginPage">
        <test-method is-config="true" signature="lauchBrowser()[pri:0, instance:Test.LoginPage@fa4c865]" started-at="2026-01-03T13:35:32 IST" name="lauchBrowser" finished-at="2026-01-03T13:35:43 IST" duration-ms="10952" status="PASS">
          <reporter-output>
          </reporter-output>
        </test-method> <!-- lauchBrowser -->
        <test-method signature="login()[pri:0, instance:Test.LoginPage@fa4c865]" started-at="2026-01-03T13:35:43 IST" name="login" finished-at="2026-01-03T13:35:48 IST" duration-ms="5093" status="PASS">
          <reporter-output>
          </reporter-output>
        </test-method> <!-- login -->
        <test-method is-config="true" signature="close()[pri:0, instance:Test.LoginPage@fa4c865]" started-at="2026-01-03T13:35:48 IST" name="close" finished-at="2026-01-03T13:35:49 IST" duration-ms="1083" status="PASS">
          <reporter-output>
          </reporter-output>
        </test-method> <!-- close -->
      </class> <!-- Test.LoginPage -->
    </test> <!-- Default test -->
  </suite> <!-- Default suite -->
</testng-results>
